app/build/outputs/mapping/debug/seeds.txt
com.charging.animation.mobile.battery.activity.down.DownActivity
com.charging.animation.mobile.battery.fragment.home.HomeFragment
com.charging.animation.mobile.battery.activity.splash.SplashActivity
com.charging.animation.mobile.battery.BackupWorker
com.charging.animation.mobile.battery.receiver.LowReceiver
com.charging.animation.mobile.battery.service.BatteryService
com.charging.animation.mobile.battery.activity.info.fragment.battery.BatteryFragment
com.charging.animation.mobile.battery.activity.apply.ApplyAnimationActivity
com.charging.animation.mobile.battery.activity.language.LanguageSettingActivity
com.charging.animation.mobile.battery.receiver.AnimationReceiver
com.charging.animation.mobile.battery.activity.ring.RingtoneActivity
com.charging.animation.mobile.battery.App
com.charging.animation.mobile.battery.api.RetrofitClient
com.charging.animation.mobile.battery.api.CommonAds
com.charging.animation.mobile.battery.activity.base.BaseFragment
com.charging.animation.mobile.battery.receiver.FullReceiver
com.charging.animation.mobile.battery.database.Database_Impl
com.charging.animation.mobile.battery.api.Api
com.charging.animation.mobile.battery.activity.language.LanguageStartActivity
com.charging.animation.mobile.battery.activity.tutorial.TutorialActivity
com.charging.animation.mobile.battery.fragment.gallery.fragment.DownFragment
com.charging.animation.mobile.battery.fragment.gallery.fragment.CustomFragment
com.charging.animation.mobile.battery.activity.info.InfoActivity
com.charging.animation.mobile.battery.api.Results
com.charging.animation.mobile.battery.service.HighService
com.charging.animation.mobile.battery.database.Database
com.charging.animation.mobile.battery.activity.success.SuccessActivity
com.charging.animation.mobile.battery.activity.animation.AnimationActivity
com.charging.animation.mobile.battery.activity.info.fragment.mobile.MobileFragment
com.charging.animation.mobile.battery.service.LowService
com.charging.animation.mobile.battery.custom.view.CustomTextView
com.charging.animation.mobile.battery.service.LiveWallpaperService
com.charging.animation.mobile.battery.activity.permission.PermissionActivity
com.charging.animation.mobile.battery.receiver.HighReceiver
com.charging.animation.mobile.battery.activity.main.MainActivity
com.charging.animation.mobile.battery.activity.policy.PolicyActivity
com.charging.animation.mobile.battery.activity.internet.NoInternetActivity
com.charging.animation.mobile.battery.service.FullBatterService
com.charging.animation.mobile.battery.fragment.alarm.AlarmFragment
com.charging.animation.mobile.battery.api.ApiService
com.charging.animation.mobile.battery.BackupWorker2
com.charging.animation.mobile.battery.api.AdsModel
com.charging.animation.mobile.battery.fragment.gallery.GalleryFragment
com.charging.animation.mobile.battery.receiver.StartReceiver
com.charging.animation.mobile.battery.fragment.setting.SettingFragment
com.charging.animation.mobile.battery.fragment.setting.SettingAndAlarmFragment
com.charging.animation.mobile.battery.api.CommonAds: java.lang.String rate_aoa_inter_splash
com.charging.animation.mobile.battery.api.CommonAds: boolean native_ringtone
com.charging.animation.mobile.battery.api.CommonAds: boolean native_gallery
com.charging.animation.mobile.battery.api.CommonAds: long interval_between_interstitial
com.charging.animation.mobile.battery.api.Results: boolean free
com.charging.animation.mobile.battery.api.AdsModel: int id
com.charging.animation.mobile.battery.api.CommonAds: boolean native_success
com.charging.animation.mobile.battery.api.Results: java.lang.String name
com.charging.animation.mobile.battery.api.AdsModel: java.lang.String ads_id
com.charging.animation.mobile.battery.api.CommonAds: boolean appopen_resume
com.charging.animation.mobile.battery.api.CommonAds: long interval_interstitial_from_start
com.charging.animation.mobile.battery.api.Results: int id
com.charging.animation.mobile.battery.api.CommonAds: boolean open_splash
...
okhttp3.Cache$Entry: okhttp3.Handshake handshake
okhttp3.CipherSuite: okhttp3.CipherSuite TLS_DHE_DSS_WITH_AES_128_GCM_SHA256
retrofit2.CompletableFutureCallAdapterFactory$ResponseCallAdapter: java.lang.reflect.Type responseType
okhttp3.internal.connection.RealConnection: okio.BufferedSource source
okhttp3.internal.http.RealInterceptorChain: int writeTimeoutMillis
com.bumptech.glide.load.ImageHeaderParser$ImageType: com.bumptech.glide.load.ImageHeaderParser$ImageType AVIF
okhttp3.CipherSuite: okhttp3.CipherSuite TLS_ECDH_RSA_WITH_AES_256_CBC_SHA
androidx.recyclerview.widget.RecyclerView$SavedState: android.os.Parcelable$Creator CREATOR
kotlinx.coroutines.android.HandlerContext: kotlinx.coroutines.android.HandlerContext immediate
retrofit2.Utils$GenericArrayTypeImpl: java.lang.reflect.Type componentType
retrofit2.Retrofit$1: retrofit2.Platform platform
okhttp3.internal.http.StatusLine: int HTTP_PERM_REDIRECT
okhttp3.internal.http2.Http2ExchangeCodec: java.util.List HTTP_2_SKIPPED_REQUEST_HEADERS
okhttp3.CipherSuite: okhttp3.CipherSuite TLS_ECDH_RSA_WITH_AES_128_CBC_SHA
okhttp3.CipherSuite: okhttp3.CipherSuite TLS_ECDH_anon_WITH_AES_256_CBC_SHA
okhttp3.internal.http2.Http2ExchangeCodec: java.lang.String TRANSFER_ENCODING
okhttp3.internal.http1.Http1ExchangeCodec$UnknownLengthSource: boolean inputExhausted
okhttp3.Handshake: kotlin.Lazy peerCertificates$delegate
okhttp3.internal.ws.RealWebSocket: okhttp3.internal.concurrent.TaskQueue taskQueue
okhttp3.internal.cache.DiskLruCache: long size
okhttp3.internal.ws.RealWebSocket: long CANCEL_AFTER_CLOSE_MILLIS
okhttp3.internal.cache2.FileOperator: java.nio.channels.FileChannel fileChannel
okhttp3.CipherSuite: okhttp3.CipherSuite TLS_ECDH_RSA_WITH_3DES_EDE_CBC_SHA
retrofit2.ParameterHandler$Tag: java.lang.Class cls
retrofit2.RequestFactory$Builder: java.lang.reflect.Type[] parameterTypes
okhttp3.internal.connection.RealCall: boolean responseBodyOpen
retrofit2.Utils$ParameterizedTypeImpl: java.lang.reflect.Type rawType
androidx.recyclerview.widget.StaggeredGridLayoutManager$SavedState: android.os.Parcelable$Creator CREATOR
okhttp3.internal.http2.Http2ExchangeCodec: okhttp3.internal.connection.RealConnection connection
kotlinx.coroutines.CompletedExceptionally: int _handled
okhttp3.internal.cache2.Relay: java.lang.Thread upstreamReader
okhttp3.internal.http1.Http1ExchangeCodec$ChunkedSource: okhttp3.HttpUrl url
okhttp3.internal.connection.Exchange$RequestBodySink: long contentLength
okhttp3.Cache: int ENTRY_BODY
okhttp3.internal.http2.Header: okio.ByteString TARGET_AUTHORITY
okhttp3.internal.cache.DiskLruCache: java.io.File journalFile
retrofit2.Utils$ParameterizedTypeImpl: java.lang.reflect.Type ownerType
okhttp3.internal.http2.Http2Connection$pushHeadersLater$$inlined$execute$1: boolean $cancelable
okhttp3.internal.ws.MessageInflater: boolean noContextTakeover
okhttp3.internal.platform.android.AndroidSocketAdapter: java.lang.reflect.Method setHostname
okhttp3.internal.platform.Jdk8WithJettyBootPlatform: java.lang.Class serverProviderClass
androidx.lifecycle.Lifecycle$Event: androidx.lifecycle.Lifecycle$Event ON_STOP
retrofit2.CompletableFutureCallAdapterFactory: retrofit2.CallAdapter$Factory INSTANCE
okhttp3.Response$Builder: okhttp3.Response networkResponse
retrofit2.HttpServiceMethod: retrofit2.RequestFactory requestFactory
okhttp3.CipherSuite: okhttp3.CipherSuite TLS_DH_anon_WITH_3DES_EDE_CBC_SHA
okhttp3.CipherSuite: okhttp3.CipherSuite TLS_ECDHE_RSA_WITH_AES_128_CBC_SHA256
retrofit2.Retrofit: java.util.Map serviceMethodCache
retrofit2.RequestBuilder: okhttp3.Request$Builder requestBuilder
okhttp3.internal.ws.MessageDeflaterKt: okio.ByteString EMPTY_DEFLATE_BLOCK
retrofit2.DefaultCallAdapterFactory$1: java.util.concurrent.Executor val$executor
retrofit2.RequestBuilder: boolean hasBody
okhttp3.Response$Builder: long sentRequestAtMillis
retrofit2.RequestFactory$Builder: boolean gotPart
okhttp3.Cookie: java.lang.String name
okhttp3.Address: okhttp3.CertificatePinner certificatePinner