app/build/outputs/mapping/debug/mapping.txt
# compiler: R8
# compiler_version: 4.0.52
# min_api: 24
# common_typos_disable
# {"id":"com.android.tools.r8.mapping","version":"2.1"}
# pg_map_id: 734501b
# pg_map_hash: SHA-256 734501b440a4f95c7f1d98f4977b0d5a4f800104049d6c4396bb65a05453b0c7
com.charging.animation.mobile.battery.App -> com.charging.animation.mobile.battery.App:
    14:15:void <init>() -> <init>
    36:49:void createChanelID() -> createChanelID
    20:28:void onCreate() -> onCreate
com.charging.animation.mobile.battery.App$$ExternalSyntheticApiModelOutline0 -> com.charging.animation.mobile.battery.App$$ExternalSyntheticApiModelOutline0:
# {"id":"sourceFile","fileName":"R8$$SyntheticClass"}
# {"id":"com.android.tools.r8.synthesized"}
    0:0:void com.charging.animation.mobile.battery.App$$InternalSyntheticApiModelOutline$1$c38f0fbe57354c083bbca47606d4d6159e7ca35496218daa596db99d08e34ea3$0.m(android.app.NotificationChannel,java.lang.String) -> m
      # {"id":"com.android.tools.r8.synthesized"}
com.charging.animation.mobile.battery.App$$ExternalSyntheticApiModelOutline1 -> com.charging.animation.mobile.battery.App$$ExternalSyntheticApiModelOutline1:
# {"id":"sourceFile","fileName":"R8$$SyntheticClass"}
# {"id":"com.android.tools.r8.synthesized"}
    0:0:void com.charging.animation.mobile.battery.App$$InternalSyntheticApiModelOutline$1$c38f0fbe57354c083bbca47606d4d6159e7ca35496218daa596db99d08e34ea3$1.m(android.app.NotificationChannel,boolean) -> m
      # {"id":"com.android.tools.r8.synthesized"}
com.charging.animation.mobile.battery.App$$ExternalSyntheticApiModelOutline2 -> com.charging.animation.mobile.battery.App$$ExternalSyntheticApiModelOutline2:
# {"id":"sourceFile","fileName":"R8$$SyntheticClass"}
# {"id":"com.android.tools.r8.synthesized"}
    0:0:void com.charging.animation.mobile.battery.App$$InternalSyntheticApiModelOutline$1$c38f0fbe57354c083bbca47606d4d6159e7ca35496218daa596db99d08e34ea3$2.m(android.app.NotificationChannel,int) -> m
      # {"id":"com.android.tools.r8.synthesized"}
com.charging.animation.mobile.battery.App$$ExternalSyntheticApiModelOutline3 -> com.charging.animation.mobile.battery.App$$ExternalSyntheticApiModelOutline3:
# {"id":"sourceFile","fileName":"R8$$SyntheticClass"}
# {"id":"com.android.tools.r8.synthesized"}
    0:0:void com.charging.animation.mobile.battery.App$$InternalSyntheticApiModelOutline$1$c38f0fbe57354c083bbca47606d4d6159e7ca35496218daa596db99d08e34ea3$3.m(android.app.NotificationChannel,boolean) -> m
      # {"id":"com.android.tools.r8.synthesized"}
com.charging.animation.mobile.battery.App$$ExternalSyntheticApiModelOutline4 -> com.charging.animation.mobile.battery.App$$ExternalSyntheticApiModelOutline4:
# {"id":"sourceFile","fileName":"R8$$SyntheticClass"}
# {"id":"com.android.tools.r8.synthesized"}
    0:0:void com.charging.animation.mobile.battery.App$$InternalSyntheticApiModelOutline$1$c38f0fbe57354c083bbca47606d4d6159e7ca35496218daa596db99d08e34ea3$4.m(android.app.NotificationChannel,long[]) -> m
      # {"id":"com.android.tools.r8.synthesized"}
com.charging.animation.mobile.battery.App$$ExternalSyntheticApiModelOutline5 -> com.charging.animation.mobile.battery.App$$ExternalSyntheticApiModelOutline5:
# {"id":"sourceFile","fileName":"R8$$SyntheticClass"}
# {"id":"com.android.tools.r8.synthesized"}
    0:0:void com.charging.animation.mobile.battery.App$$InternalSyntheticApiModelOutline$1$c38f0fbe57354c083bbca47606d4d6159e7ca35496218daa596db99d08e34ea3$5.m(android.app.NotificationManager,android.app.NotificationChannel) -> m
      # {"id":"com.android.tools.r8.synthesized"}
com.charging.animation.mobile.battery.BackupWorker -> com.charging.animation.mobile.battery.BackupWorker:
    18:27:void <init>(android.content.Context,androidx.work.WorkerParameters) -> <init>
    32:32:androidx.work.ListenableWorker$Result doWork() -> doWork
com.charging.animation.mobile.battery.BackupWorker2 -> com.charging.animation.mobile.battery.BackupWorker2:
    18:27:void <init>(android.content.Context,androidx.work.WorkerParameters) -> <init>
    32:32:androidx.work.ListenableWorker$Result doWork() -> doWork
...
com.bumptech.glide.load.resource.DefaultOnHeaderDecodedListener$$ExternalSyntheticApiModelOutline6 -> com.bumptech.glide.load.resource.DefaultOnHeaderDecodedListener$$ExternalSyntheticApiModelOutline6:
# {"id":"sourceFile","fileName":"R8$$SyntheticClass"}
# {"id":"com.android.tools.r8.synthesized"}
    0:0:android.util.Size com.bumptech.glide.load.resource.DefaultOnHeaderDecodedListener$$InternalSyntheticApiModelOutline$2$553f50787d6a55843f44102b02956bbe27a023b10d11171a2e2c58656b37b922$4.m(android.graphics.ImageDecoder$ImageInfo) -> m
      # {"id":"com.android.tools.r8.synthesized"}
com.bumptech.glide.load.resource.DefaultOnHeaderDecodedListener$$ExternalSyntheticApiModelOutline7 -> com.bumptech.glide.load.resource.DefaultOnHeaderDecodedListener$$ExternalSyntheticApiModelOutline7:
# {"id":"sourceFile","fileName":"R8$$SyntheticClass"}
# {"id":"com.android.tools.r8.synthesized"}
    0:0:void com.bumptech.glide.load.resource.DefaultOnHeaderDecodedListener$$InternalSyntheticApiModelOutline$2$553f50787d6a55843f44102b02956bbe27a023b10d11171a2e2c58656b37b922$5.m(android.graphics.ImageDecoder,int,int) -> m
      # {"id":"com.android.tools.r8.synthesized"}
com.bumptech.glide.load.resource.DefaultOnHeaderDecodedListener$$ExternalSyntheticApiModelOutline8 -> com.bumptech.glide.load.resource.DefaultOnHeaderDecodedListener$$ExternalSyntheticApiModelOutline8:
# {"id":"sourceFile","fileName":"R8$$SyntheticClass"}
# {"id":"com.android.tools.r8.synthesized"}
    0:0:android.graphics.ColorSpace com.bumptech.glide.load.resource.DefaultOnHeaderDecodedListener$$InternalSyntheticApiModelOutline$2$553f50787d6a55843f44102b02956bbe27a023b10d11171a2e2c58656b37b922$6.m(android.graphics.ImageDecoder$ImageInfo) -> m
      # {"id":"com.android.tools.r8.synthesized"}
com.bumptech.glide.load.resource.DefaultOnHeaderDecodedListener$$ExternalSyntheticApiModelOutline9 -> com.bumptech.glide.load.resource.DefaultOnHeaderDecodedListener$$ExternalSyntheticApiModelOutline9:
# {"id":"sourceFile","fileName":"R8$$SyntheticClass"}
# {"id":"com.android.tools.r8.synthesized"}
    0:0:boolean com.bumptech.glide.load.resource.DefaultOnHeaderDecodedListener$$InternalSyntheticApiModelOutline$2$553f50787d6a55843f44102b02956bbe27a023b10d11171a2e2c58656b37b922$8.m(android.graphics.ColorSpace) -> m
      # {"id":"com.android.tools.r8.synthesized"}
com.bumptech.glide.load.resource.DefaultOnHeaderDecodedListener$1 -> com.bumptech.glide.load.resource.DefaultOnHeaderDecodedListener$1:
    75:75:void <init>(com.bumptech.glide.load.resource.DefaultOnHeaderDecodedListener) -> <init>
    79:79:boolean onPartialImage(android.graphics.ImageDecoder$DecodeException) -> onPartialImage
com.bumptech.glide.load.resource.SimpleResource -> com.bumptech.glide.load.resource.SimpleResource:
    18:20:void <init>(java.lang.Object) -> <init>
    32:32:java.lang.Object get() -> get
    26:26:java.lang.Class getResourceClass() -> getResourceClass
    37:37:int getSize() -> getSize
    43:43:void recycle() -> recycle
com.bumptech.glide.load.resource.UnitTransformation -> com.bumptech.glide.load.resource.UnitTransformation:
    15:15:void <clinit>() -> <clinit>
    28:30:void <init>() -> <init>
    25:25:com.bumptech.glide.load.resource.UnitTransformation get() -> get
    36:36:com.bumptech.glide.load.engine.Resource transform(android.content.Context,com.bumptech.glide.load.engine.Resource,int,int) -> transform
    42:42:void updateDiskCacheKey(java.security.MessageDigest) -> updateDiskCacheKey
com.bumptech.glide.load.resource.bitmap.BitmapDrawableDecoder -> com.bumptech.glide.load.resource.bitmap.BitmapDrawableDecoder:
    44:47:void <init>(android.content.res.Resources,com.bumptech.glide.load.ResourceDecoder) -> <init>
    58:59:com.bumptech.glide.load.engine.Resource decode(java.lang.Object,int,int,com.bumptech.glide.load.Options) -> decode
    51:51:boolean handles(java.lang.Object,com.bumptech.glide.load.Options) -> handles