app/build/outputs/mapping/debug/usage.txt
com.charging.animation.mobile.battery.BackupWorker2:
    private static final java.lang.String TAG
com.charging.animation.mobile.battery.BackupWorker:
    private static final java.lang.String TAG
com.charging.animation.mobile.battery.BuildConfig
com.charging.animation.mobile.battery.Common
com.charging.animation.mobile.battery.NotificationBattery:
    public static final int NOTIFICATION_BATTERY_ID
com.charging.animation.mobile.battery.R$color
com.charging.animation.mobile.battery.R$dimen
com.charging.animation.mobile.battery.R$drawable
com.charging.animation.mobile.battery.R$font
com.charging.animation.mobile.battery.R$id
com.charging.animation.mobile.battery.R$layout
com.charging.animation.mobile.battery.R$menu
com.charging.animation.mobile.battery.R$mipmap
com.charging.animation.mobile.battery.R$raw
com.charging.animation.mobile.battery.R$string
com.charging.animation.mobile.battery.R$style
com.charging.animation.mobile.battery.R$xml
com.charging.animation.mobile.battery.R
com.charging.animation.mobile.battery.activity.animation.AnimationActivity:
    public final android.content.BroadcastReceiver getReceiver()
    public final void setReceiver(android.content.BroadcastReceiver)
com.charging.animation.mobile.battery.activity.apply.ApplyAnimationActivity:
    public final android.content.BroadcastReceiver getReceiver()
    public final void setLink(java.lang.String)
    public final void setReceiver(android.content.BroadcastReceiver)
    public final void setType(int)
com.charging.animation.mobile.battery.activity.apply.WallPaperSetUp:
    public void <init>()
com.charging.animation.mobile.battery.activity.base.BaseActivity:
    public static synthetic void showActivity$default(com.charging.animation.mobile.battery.activity.base.BaseActivity,java.lang.Class,android.os.Bundle,int,java.lang.Object)
com.charging.animation.mobile.battery.activity.down.DownActivity$show$dialogWatchAds$1
com.charging.animation.mobile.battery.activity.down.DownActivity:
    public final java.lang.String getName()
    public final void setDialog(com.charging.animation.mobile.battery.activity.down.dialog.ProcessingDialog)
    public final void setResults(com.charging.animation.mobile.battery.api.Results)
    private final void show(com.charging.animation.mobile.battery.api.Results)
    private static final void show$lambda$0(com.charging.animation.mobile.battery.activity.down.DownActivity,android.content.DialogInterface)
    public final void showAds(com.charging.animation.mobile.battery.api.Results)
com.charging.animation.mobile.battery.activity.info.fragment.battery.BatteryFragment:
    public final android.content.BroadcastReceiver getReceiver()
    public final boolean isCharging()
    public final void setBattery(com.charging.animation.mobile.battery.model.Battery)
    public final void setReceiver(android.content.BroadcastReceiver)
com.charging.animation.mobile.battery.activity.info.fragment.mobile.MobileAdapter$MobileViewHolder:
    public final void setTvName(android.widget.TextView)
    public final void setTvTitle(android.widget.TextView)
com.charging.animation.mobile.battery.activity.info.fragment.mobile.MobileAdapter:
    public final android.content.Context getContext()
    public final java.util.List getList()
    public final void setContext(android.content.Context)
    public final void setList(java.util.List)
com.charging.animation.mobile.battery.activity.info.fragment.mobile.MobileFragment:
    public final java.util.List getList()
    public final void setList(java.util.List)
com.charging.animation.mobile.battery.activity.language.LanguageSettingActivity:
    public final java.lang.String getLangDevice()
com.charging.animation.mobile.battery.activity.language.LanguageStartActivity:
    public final java.lang.String getLangDevice()
...
com.bumptech.glide.load.engine.executor.RuntimeCompat$1
com.bumptech.glide.load.engine.executor.RuntimeCompat:
    public static int getCoreCountPre17()
com.bumptech.glide.load.resource.gif.GifFrameLoader$OnEveryFrameListener
com.bumptech.glide.load.resource.gif.GifFrameLoader:
    public com.bumptech.glide.load.resource.gif.GifFrameLoader$OnEveryFrameListener onEveryFrameListener
com.bumptech.glide.manager.SingletonConnectivityReceiver$FrameworkConnectivityMonitorPreApi24$1
com.bumptech.glide.manager.SingletonConnectivityReceiver$FrameworkConnectivityMonitorPreApi24$2
com.bumptech.glide.manager.SingletonConnectivityReceiver$FrameworkConnectivityMonitorPreApi24$3
com.bumptech.glide.manager.SingletonConnectivityReceiver$FrameworkConnectivityMonitorPreApi24$4
com.bumptech.glide.manager.SingletonConnectivityReceiver$FrameworkConnectivityMonitorPreApi24$5
com.bumptech.glide.manager.SingletonConnectivityReceiver$FrameworkConnectivityMonitorPreApi24
com.getkeepsafe.relinker.ReLinker$Logger
com.getkeepsafe.relinker.ReLinkerInstance$1:
    public final synthetic com.getkeepsafe.relinker.ReLinker$LoadListener val$listener
com.getkeepsafe.relinker.ReLinkerInstance:
    public com.getkeepsafe.relinker.ReLinker$Logger logger
com.google.android.material.R$drawable:
    public static final int abc_btn_check_material
    public static final int abc_btn_check_material_anim
com.google.android.material.R$id:
    public static final int material_clock_period_pm_button
com.google.android.material.R$styleable:
    public static final int Chip_android_textColor
com.google.android.material.appbar.AppBarLayout$BaseBehavior$BaseDragCallback
com.google.android.material.appbar.AppBarLayout$BaseBehavior:
    public com.google.android.material.appbar.AppBarLayout$BaseBehavior$BaseDragCallback onDragCallback
com.google.android.material.bottomappbar.BottomAppBar:
    public com.google.android.material.animation.TransformationCallback fabTransformationCallback
com.google.android.material.button.MaterialButtonHelper:
    public void updateMaskBounds(int,int)
com.google.android.material.card.MaterialCardView$OnCheckedChangeListener:
    public abstract void onCheckedChanged(com.google.android.material.card.MaterialCardView,boolean)
com.google.android.material.card.MaterialCardView:
    public final com.google.android.material.card.MaterialCardViewHelper cardViewHelper
    public com.google.android.material.card.MaterialCardView$OnCheckedChangeListener onCheckedChangeListener
com.google.android.material.card.MaterialCardViewHelper:
    public boolean isCheckable()
    public void setBackgroundOverwritten(boolean)
    public void setCheckedIconGravity(int)
    public void updateContentPadding()
com.google.android.material.checkbox.MaterialCheckBox$$InternalSyntheticLambda$1$118af9234364ea1fbb21e95e2d29ff89b52c8280dcb95cb94a2fc8e68a2025f6$0
com.google.android.material.checkbox.MaterialCheckBox:
    public static synthetic void $r8$lambda$nWOuqXDxqeC1aX-NwzzhxsorYmo(com.google.android.material.checkbox.MaterialCheckBox)
    private synthetic void lambda$new$0()
com.google.android.material.chip.Chip:
    public com.google.android.material.internal.MaterialCheckable$OnCheckedChangeListener onCheckedChangeListenerInternal
com.google.android.material.chip.ChipGroup$2:
    public final synthetic com.google.android.material.chip.ChipGroup$OnCheckedChangeListener val$listener
com.google.android.material.chip.ChipGroup:
    public final com.google.android.material.internal.CheckableGroup checkableGroup
    public final com.google.android.material.chip.ChipGroup$PassThroughHierarchyChangeListener passThroughListener
com.google.android.material.circularreveal.CircularRevealFrameLayout:
    public final com.google.android.material.circularreveal.CircularRevealHelper helper
com.google.android.material.circularreveal.CircularRevealHelper:
    public void draw(android.graphics.Canvas)
    public boolean isOpaque()